Multimedia/28_Captura_Reprod_Video/app/build/outputs/logs/manifest-merger-debug-report.txt
-- Merging decision tree log ---
manifest
ADDED from src/main/AndroidManifest.xml:2:1-22:12
INJECTED from src/main/AndroidManifest.xml:2:1-22:12
INJECTED from src/main/AndroidManifest.xml:2:1-22:12
INJECTED from src/main/AndroidManifest.xml:2:1-22:12
INJECTED from src/main/AndroidManifest.xml:2:1-22:12
INJECTED from src/main/AndroidManifest.xml:2:1-22:12
INJECTED from src/main/AndroidManifest.xml:2:1-22:12
	package
		ADDED from src/main/AndroidManifest.xml:3:7-37
		INJECTED from src/main/AndroidManifest.xml
		INJECTED from src/main/AndroidManifest.xml
	android:versionName
		ADDED from src/main/AndroidManifest.xml:5:7-32
		INJECTED from src/main/AndroidManifest.xml
		INJECTED from src/main/AndroidManifest.xml
	xmlns:android
		ADDED from src/main/AndroidManifest.xml:2:11-69
	android:versionCode
		ADDED from src/main/AndroidManifest.xml:4:7-30
		INJECTED from src/main/AndroidManifest.xml
		INJECTED from src/main/AndroidManifest.xml
application
ADDED from src/main/AndroidManifest.xml:6:5-16:19
	android:label
		ADDED from src/main/AndroidManifest.xml:6:48-80
	android:debuggable
		ADDED from src/main/AndroidManifest.xml:6:81-106
	android:icon
		ADDED from src/main/AndroidManifest.xml:6:18-47
activity#com.android.mdw.demo.Main
ADDED from src/main/AndroidManifest.xml:7:9-14:20
	android:screenOrientation
		ADDED from src/main/AndroidManifest.xml:8:13-49
	android:label
		ADDED from src/main/AndroidManifest.xml:9:19-51
	android:name
		ADDED from src/main/AndroidManifest.xml:7:19-39
intent-filter#android.intent.action.MAIN+android.intent.category.LAUNCHER
ADDED from src/main/AndroidManifest.xml:10:13-13:29
action#android.intent.action.MAIN
ADDED from src/main/AndroidManifest.xml:11:17-69
	android:name
		ADDED from src/main/AndroidManifest.xml:11:25-66
category#android.intent.category.LAUNCHER
ADDED from src/main/AndroidManifest.xml:12:17-77
	android:name
		ADDED from src/main/AndroidManifest.xml:12:27-74
uses-sdk
ADDED from src/main/AndroidManifest.xml:17:5-43
INJECTED from src/main/AndroidManifest.xml:17:5-43
INJECTED from src/main/AndroidManifest.xml:17:5-43
INJECTED from src/main/AndroidManifest.xml:17:5-43
INJECTED from src/main/AndroidManifest.xml:17:5-43
	android:targetSdkVersion
		INJECTED from src/main/AndroidManifest.xml
		ADDED from src/main/AndroidManifest.xml:17:5-43
		INJECTED from src/main/AndroidManifest.xml
	android:minSdkVersion
		ADDED from src/main/AndroidManifest.xml:17:15-40
		INJECTED from src/main/AndroidManifest.xml
		INJECTED from src/main/AndroidManifest.xml
uses-permission#android.permission.CAMERA
ADDED from src/main/AndroidManifest.xml:18:2-62
	android:name
		ADDED from src/main/AndroidManifest.xml:18:19-59
uses-permission#android.permission.RECORD_AUDIO
ADDED from src/main/AndroidManifest.xml:19:2-68
	android:name
		ADDED from src/main/AndroidManifest.xml:19:19-65
uses-permission#android.permission.RECORD_VIDEO
ADDED from src/main/AndroidManifest.xml:20:2-68
	android:name
		ADDED from src/main/AndroidManifest.xml:20:19-65
uses-permission#android.permission.WRITE_EXTERNAL_STORAGE
ADDED from src/main/AndroidManifest.xml:21:2-78
	android:name
		ADDED from src/main/AndroidManifest.xml:21:19-75